{"C:\\Users\\personal\\Desktop\\Testing\\add.js": {"path":"C:\\Users\\personal\\Desktop\\Testing\\add.js","statementMap":{"0":{"start":{"line":2,"column":4},"end":{"line":2,"column":14}},"1":{"start":{"line":5,"column":0},"end":{"line":5,"column":20}}},"fnMap":{"0":{"name":"Add","decl":{"start":{"line":1,"column":9},"end":{"line":1,"column":12}},"loc":{"start":{"line":1,"column":17},"end":{"line":3,"column":1}},"line":1}},"branchMap":{},"s":{"0":1,"1":1},"f":{"0":1},"b":{},"_coverageSchema":"1a1c01bbd47fc00a2c39e90264f33305004495a9","hash":"e8ca5b841f25f3ab6d8e6d80f45a3af2d98df448"}
,"C:\\Users\\personal\\Desktop\\Testing\\cloneArray.js": {"path":"C:\\Users\\personal\\Desktop\\Testing\\cloneArray.js","statementMap":{"0":{"start":{"line":2,"column":1},"end":{"line":2,"column":18}},"1":{"start":{"line":5,"column":0},"end":{"line":5,"column":28}}},"fnMap":{"0":{"name":"cloneArray","decl":{"start":{"line":1,"column":9},"end":{"line":1,"column":19}},"loc":{"start":{"line":1,"column":26},"end":{"line":3,"column":1}},"line":1}},"branchMap":{},"s":{"0":2,"1":1},"f":{"0":2},"b":{},"_coverageSchema":"1a1c01bbd47fc00a2c39e90264f33305004495a9","hash":"23618b7915c9a6d6087997dbfaeabe6751e65da4"}
,"C:\\Users\\personal\\Desktop\\Testing\\object.js": {"path":"C:\\Users\\personal\\Desktop\\Testing\\object.js","statementMap":{"0":{"start":{"line":2,"column":4},"end":{"line":2,"column":15}},"1":{"start":{"line":5,"column":0},"end":{"line":5,"column":29}}},"fnMap":{"0":{"name":"objectReturn","decl":{"start":{"line":1,"column":9},"end":{"line":1,"column":21}},"loc":{"start":{"line":1,"column":27},"end":{"line":3,"column":1}},"line":1}},"branchMap":{},"s":{"0":1,"1":1},"f":{"0":1},"b":{},"_coverageSchema":"1a1c01bbd47fc00a2c39e90264f33305004495a9","hash":"feb06fb1849dbe9ff38e6ea9daa3a9caca2a5f81"}
,"C:\\Users\\personal\\Desktop\\Testing\\subtract.js": {"path":"C:\\Users\\personal\\Desktop\\Testing\\subtract.js","statementMap":{"0":{"start":{"line":2,"column":1},"end":{"line":2,"column":13}},"1":{"start":{"line":5,"column":0},"end":{"line":5,"column":25}}},"fnMap":{"0":{"name":"subtract","decl":{"start":{"line":1,"column":9},"end":{"line":1,"column":17}},"loc":{"start":{"line":1,"column":22},"end":{"line":3,"column":1}},"line":1}},"branchMap":{},"s":{"0":1,"1":1},"f":{"0":1},"b":{},"_coverageSchema":"1a1c01bbd47fc00a2c39e90264f33305004495a9","hash":"55100d4474dfc84743141f67abeb20cbfc768552"}
,"C:\\Users\\personal\\Desktop\\Testing\\sum.js": {"path":"C:\\Users\\personal\\Desktop\\Testing\\sum.js","statementMap":{"0":{"start":{"line":2,"column":1},"end":{"line":2,"column":13}},"1":{"start":{"line":5,"column":0},"end":{"line":5,"column":20}}},"fnMap":{"0":{"name":"sum","decl":{"start":{"line":1,"column":9},"end":{"line":1,"column":12}},"loc":{"start":{"line":1,"column":18},"end":{"line":3,"column":1}},"line":1}},"branchMap":{},"s":{"0":1,"1":1},"f":{"0":1},"b":{},"_coverageSchema":"1a1c01bbd47fc00a2c39e90264f33305004495a9","hash":"45a21d6154ca3daf0e879137f7da9318c94f6956"}
}
