{"C:\\Users\\personal\\Desktop\\Testing\\JSFiles\\FindArray.js": {"path":"C:\\Users\\personal\\Desktop\\Testing\\JSFiles\\FindArray.js","statementMap":{"0":{"start":{"line":2,"column":4},"end":{"line":2,"column":16}},"1":{"start":{"line":5,"column":0},"end":{"line":5,"column":26}}},"fnMap":{"0":{"name":"findArray","decl":{"start":{"line":1,"column":9},"end":{"line":1,"column":18}},"loc":{"start":{"line":1,"column":25},"end":{"line":3,"column":1}},"line":1}},"branchMap":{},"s":{"0":1,"1":1},"f":{"0":1},"b":{},"_coverageSchema":"1a1c01bbd47fc00a2c39e90264f33305004495a9","hash":"f94ec05371d5434e84bab9c5f90aaf74009871ff"}
,"C:\\Users\\personal\\Desktop\\Testing\\JSFiles\\MatchString.js": {"path":"C:\\Users\\personal\\Desktop\\Testing\\JSFiles\\MatchString.js","statementMap":{"0":{"start":{"line":2,"column":4},"end":{"line":2,"column":17}},"1":{"start":{"line":5,"column":0},"end":{"line":5,"column":28}}},"fnMap":{"0":{"name":"matchString","decl":{"start":{"line":1,"column":9},"end":{"line":1,"column":20}},"loc":{"start":{"line":1,"column":28},"end":{"line":3,"column":1}},"line":1}},"branchMap":{},"s":{"0":2,"1":1},"f":{"0":2},"b":{},"_coverageSchema":"1a1c01bbd47fc00a2c39e90264f33305004495a9","hash":"e1cfd24aa3cda66983ebf862b2fe12e39c5cf4c8"}
,"C:\\Users\\personal\\Desktop\\Testing\\JSFiles\\add.js": {"path":"C:\\Users\\personal\\Desktop\\Testing\\JSFiles\\add.js","statementMap":{"0":{"start":{"line":2,"column":4},"end":{"line":2,"column":14}},"1":{"start":{"line":5,"column":0},"end":{"line":5,"column":20}}},"fnMap":{"0":{"name":"Add","decl":{"start":{"line":1,"column":9},"end":{"line":1,"column":12}},"loc":{"start":{"line":1,"column":17},"end":{"line":3,"column":1}},"line":1}},"branchMap":{},"s":{"0":1,"1":1},"f":{"0":1},"b":{},"_coverageSchema":"1a1c01bbd47fc00a2c39e90264f33305004495a9","hash":"9c10b9383015b38fb350c7cb2a14547812b4978f"}
,"C:\\Users\\personal\\Desktop\\Testing\\JSFiles\\addingPositiveNumbers.js": {"path":"C:\\Users\\personal\\Desktop\\Testing\\JSFiles\\addingPositiveNumbers.js","statementMap":{"0":{"start":{"line":2,"column":4},"end":{"line":6,"column":5}},"1":{"start":{"line":2,"column":16},"end":{"line":2,"column":17}},"2":{"start":{"line":3,"column":8},"end":{"line":5,"column":9}},"3":{"start":{"line":3,"column":19},"end":{"line":3,"column":20}},"4":{"start":{"line":4,"column":12},"end":{"line":4,"column":22}},"5":{"start":{"line":9,"column":0},"end":{"line":9,"column":38}}},"fnMap":{"0":{"name":"addingPositiveNumbers","decl":{"start":{"line":1,"column":9},"end":{"line":1,"column":30}},"loc":{"start":{"line":1,"column":35},"end":{"line":7,"column":1}},"line":1}},"branchMap":{},"s":{"0":81,"1":81,"2":81,"3":81,"4":81,"5":1},"f":{"0":81},"b":{},"_coverageSchema":"1a1c01bbd47fc00a2c39e90264f33305004495a9","hash":"a08f6d72ba85402071ca91666b2262d77f23b394"}
,"C:\\Users\\personal\\Desktop\\Testing\\JSFiles\\cloneArray.js": {"path":"C:\\Users\\personal\\Desktop\\Testing\\JSFiles\\cloneArray.js","statementMap":{"0":{"start":{"line":2,"column":1},"end":{"line":2,"column":18}},"1":{"start":{"line":5,"column":0},"end":{"line":5,"column":28}}},"fnMap":{"0":{"name":"cloneArray","decl":{"start":{"line":1,"column":9},"end":{"line":1,"column":19}},"loc":{"start":{"line":1,"column":26},"end":{"line":3,"column":1}},"line":1}},"branchMap":{},"s":{"0":2,"1":1},"f":{"0":2},"b":{},"_coverageSchema":"1a1c01bbd47fc00a2c39e90264f33305004495a9","hash":"2221f225df0ea9412726f12c402dfee73711697d"}
,"C:\\Users\\personal\\Desktop\\Testing\\JSFiles\\exceptionThrow.js": {"path":"C:\\Users\\personal\\Desktop\\Testing\\JSFiles\\exceptionThrow.js","statementMap":{"0":{"start":{"line":2,"column":4},"end":{"line":2,"column":50}}},"fnMap":{"0":{"name":"exceptionThrow","decl":{"start":{"line":1,"column":9},"end":{"line":1,"column":23}},"loc":{"start":{"line":1,"column":25},"end":{"line":3,"column":1}},"line":1}},"branchMap":{},"s":{"0":0},"f":{"0":0},"b":{},"_coverageSchema":"1a1c01bbd47fc00a2c39e90264f33305004495a9","hash":"d1b7b0a7d1edc697a43eec0768bdad6f1f682519"}
,"C:\\Users\\personal\\Desktop\\Testing\\JSFiles\\greatherThanEqual.js": {"path":"C:\\Users\\personal\\Desktop\\Testing\\JSFiles\\greatherThanEqual.js","statementMap":{"0":{"start":{"line":2,"column":4},"end":{"line":2,"column":19}},"1":{"start":{"line":5,"column":0},"end":{"line":5,"column":34}}},"fnMap":{"0":{"name":"greatherThanEqual","decl":{"start":{"line":1,"column":9},"end":{"line":1,"column":26}},"loc":{"start":{"line":1,"column":34},"end":{"line":3,"column":1}},"line":1}},"branchMap":{},"s":{"0":1,"1":1},"f":{"0":1},"b":{},"_coverageSchema":"1a1c01bbd47fc00a2c39e90264f33305004495a9","hash":"86d20a7a23b9354542b05d2496c2fd55b76b17ee"}
,"C:\\Users\\personal\\Desktop\\Testing\\JSFiles\\object.js": {"path":"C:\\Users\\personal\\Desktop\\Testing\\JSFiles\\object.js","statementMap":{"0":{"start":{"line":2,"column":4},"end":{"line":2,"column":15}},"1":{"start":{"line":5,"column":0},"end":{"line":5,"column":29}}},"fnMap":{"0":{"name":"objectReturn","decl":{"start":{"line":1,"column":9},"end":{"line":1,"column":21}},"loc":{"start":{"line":1,"column":27},"end":{"line":3,"column":1}},"line":1}},"branchMap":{},"s":{"0":1,"1":1},"f":{"0":1},"b":{},"_coverageSchema":"1a1c01bbd47fc00a2c39e90264f33305004495a9","hash":"cd29441f5325773b28c009feef9f9e1e069e8132"}
,"C:\\Users\\personal\\Desktop\\Testing\\JSFiles\\subtract.js": {"path":"C:\\Users\\personal\\Desktop\\Testing\\JSFiles\\subtract.js","statementMap":{"0":{"start":{"line":2,"column":1},"end":{"line":2,"column":13}},"1":{"start":{"line":5,"column":0},"end":{"line":5,"column":25}}},"fnMap":{"0":{"name":"subtract","decl":{"start":{"line":1,"column":9},"end":{"line":1,"column":17}},"loc":{"start":{"line":1,"column":22},"end":{"line":3,"column":1}},"line":1}},"branchMap":{},"s":{"0":1,"1":1},"f":{"0":1},"b":{},"_coverageSchema":"1a1c01bbd47fc00a2c39e90264f33305004495a9","hash":"27d3edec554242cfe8a878010d200636f365e3e3"}
,"C:\\Users\\personal\\Desktop\\Testing\\JSFiles\\sum.js": {"path":"C:\\Users\\personal\\Desktop\\Testing\\JSFiles\\sum.js","statementMap":{"0":{"start":{"line":2,"column":1},"end":{"line":2,"column":13}},"1":{"start":{"line":5,"column":0},"end":{"line":5,"column":20}}},"fnMap":{"0":{"name":"sum","decl":{"start":{"line":1,"column":9},"end":{"line":1,"column":12}},"loc":{"start":{"line":1,"column":18},"end":{"line":3,"column":1}},"line":1}},"branchMap":{},"s":{"0":1,"1":1},"f":{"0":1},"b":{},"_coverageSchema":"1a1c01bbd47fc00a2c39e90264f33305004495a9","hash":"42fcc1596c8ec2b34838222445d65a5402ef85b1"}
}
