TN:
SF:JSFiles\FindArray.js
FN:1,findArray
FNF:1
FNH:1
FNDA:1,findArray
DA:2,1
DA:5,1
LF:2
LH:2
BRF:0
BRH:0
end_of_record
TN:
SF:JSFiles\MatchString.js
FN:1,matchString
FNF:1
FNH:1
FNDA:2,matchString
DA:2,2
DA:5,1
LF:2
LH:2
BRF:0
BRH:0
end_of_record
TN:
SF:JSFiles\add.js
FN:1,Add
FNF:1
FNH:1
FNDA:1,Add
DA:2,1
DA:5,1
LF:2
LH:2
BRF:0
BRH:0
end_of_record
TN:
SF:JSFiles\addingPositiveNumbers.js
FN:1,addingPositiveNumbers
FNF:1
FNH:1
FNDA:81,addingPositiveNumbers
DA:2,81
DA:3,81
DA:4,81
DA:9,1
LF:4
LH:4
BRF:0
BRH:0
end_of_record
TN:
SF:JSFiles\cloneArray.js
FN:1,cloneArray
FNF:1
FNH:1
FNDA:2,cloneArray
DA:2,2
DA:5,1
LF:2
LH:2
BRF:0
BRH:0
end_of_record
TN:
SF:JSFiles\exceptionThrow.js
FN:1,exceptionThrow
FNF:1
FNH:0
FNDA:0,exceptionThrow
DA:2,0
LF:1
LH:0
BRF:0
BRH:0
end_of_record
TN:
SF:JSFiles\greatherThanEqual.js
FN:1,greatherThanEqual
FNF:1
FNH:1
FNDA:1,greatherThanEqual
DA:2,1
DA:5,1
LF:2
LH:2
BRF:0
BRH:0
end_of_record
TN:
SF:JSFiles\object.js
FN:1,objectReturn
FNF:1
FNH:1
FNDA:1,objectReturn
DA:2,1
DA:5,1
LF:2
LH:2
BRF:0
BRH:0
end_of_record
TN:
SF:JSFiles\subtract.js
FN:1,subtract
FNF:1
FNH:1
FNDA:1,subtract
DA:2,1
DA:5,1
LF:2
LH:2
BRF:0
BRH:0
end_of_record
TN:
SF:JSFiles\sum.js
FN:1,sum
FNF:1
FNH:1
FNDA:1,sum
DA:2,1
DA:5,1
LF:2
LH:2
BRF:0
BRH:0
end_of_record
